06/30/2020 14:56:37 INICIANDO...
06/30/2020 14:56:37 2.2.0.1
06/30/2020 14:56:37 Usuário: Rodrigo(Administrador)
06/30/2020 14:56:37 Versão do Sistema Operacional: 6.2.9200
06/30/2020 14:56:37 64 Bits: true
06/30/2020 14:56:37 Versão do Firefox. 76.0.1.7432 ( 76.0 )
06/30/2020 14:56:37 UAC: Ativado
06/30/2020 14:56:37 Verificando se Firefox está instalado...
06/30/2020 14:56:37 Firefox instalado, ajustando configurações necessárias...
06/30/2020 14:56:37 [Verificando Ambiente] Verificando...
06/30/2020 14:56:37 [Verificando Ambiente] Ativando Transport Layer Security (TLS)
06/30/2020 14:56:38 [Verificando Ambiente] Ok.
06/30/2020 14:56:38 [Arquivo hosts] Verificando...
06/30/2020 14:56:38 [Arquivo hosts] Ok.
06/30/2020 14:56:38 [Instalação de certificados raiz] Verificando...
06/30/2020 14:56:38 [Instalação de certificados raiz] Efetuando download do instalador...
06/30/2020 14:56:52 [Instalação de certificados raiz] Ocorreu um problema durante o download.
06/30/2020 14:56:52 [Terminal Services] Verificando...
06/30/2020 14:56:52 [Terminal Services] Ok.
06/30/2020 14:56:52 [Limpeza do cache IE] Verificando...
06/30/2020 14:56:52 [Limpeza do cache IE] Limpando...
06/30/2020 14:56:53 [Limpeza do cache IE] Ok.
06/30/2020 14:56:53 [Limpeza do cache MZ] Verificando...
06/30/2020 14:56:53 [Limpeza do cache MZ] Ok.
06/30/2020 14:56:53 [Instalando Módulo de Segurança] Verificando...
06/30/2020 14:56:53 [Instalando Módulo de Segurança] Efetuando download do instalador...
06/30/2020 14:56:57 [Instalando Módulo de Segurança] Instalando...
06/30/2020 14:57:08 [Instalando Módulo de Segurança] Ok.
06/30/2020 14:57:08 [Preparando Ambiente] Verificando...
06/30/2020 14:57:08 [Preparando Ambiente] Ok.
06/30/2020 14:57:08 [Configurações do Módulo de Segurança] Verificando...
06/30/2020 14:57:08 [Configurações do Módulo de Segurança] Ok.
06/30/2020 14:57:08 [Instalando configurações da CAIXA] Verificando...
06/30/2020 14:57:18 [Instalando configurações da CAIXA] Ok.
06/30/2020 14:57:18 [Instalando certificado do Warsaw no Firefox] Verificando...
06/30/2020 14:57:18 [Instalando certificado do Warsaw no Firefox] Instalando...
06/30/2020 14:57:18 [Instalando certificado do Warsaw no Firefox] Ok.
06/30/2020 14:57:18 [Ajustando ambiente] Verificando...
06/30/2020 14:57:19 [Ajustando ambiente] Ok.
06/30/2020 14:57:19 [Concluindo execucao] Verificando...
06/30/2020 14:57:22 [Concluindo execucao] CONCLUÍDO.
06/30/2020 14:57:22 Foram detectados problemas durante a execução do processo.
06/30/2020 14:57:22 CONCLUÍDO.
